<?xml version="1.0" encoding="UTF-8"?>
<!-- Generated by org.testng.reporters.JUnitReportReporter -->
<testsuite hostname="LAPTOP-CK67H558" failures="0" tests="3" name="CucumberOptions.Tenng_runner" time="28.939" errors="0" timestamp="2025-02-11T00:26:56 IST" skipped="0">
  <testcase classname="CucumberOptions.Tenng_runner" name="runScenario" time="11.649"/>
  <testcase classname="CucumberOptions.Tenng_runner" name="runScenario" time="8.330"/>
  <testcase classname="CucumberOptions.Tenng_runner" name="runScenario" time="8.960"/>
</testsuite> <!-- CucumberOptions.Tenng_runner -->
