<?xml version="1.0" encoding="UTF-8"?>
<!-- Generated by org.testng.reporters.JUnitReportReporter -->
<testsuite hostname="LAPTOP-CK67H558" failures="0" tests="6" name="CucumberOptions.Tenng_runner" time="34.303" errors="0" timestamp="2025-01-24T23:24:35 IST" skipped="0">
  <testcase classname="CucumberOptions.Tenng_runner" name="runScenario" time="0.008"/>
  <testcase classname="CucumberOptions.Tenng_runner" name="runScenario" time="34.249"/>
  <testcase classname="CucumberOptions.Tenng_runner" name="runScenario" time="0.018"/>
  <testcase classname="CucumberOptions.Tenng_runner" name="runScenario" time="0.008"/>
  <testcase classname="CucumberOptions.Tenng_runner" name="runScenario" time="0.013"/>
  <testcase classname="CucumberOptions.Tenng_runner" name="runScenario" time="0.007"/>
</testsuite> <!-- CucumberOptions.Tenng_runner -->
