<?xml version="1.0" encoding="UTF-8"?>
<!-- Generated by org.testng.reporters.JUnitReportReporter -->
<testsuite hostname="LAPTOP-CK67H558" failures="0" tests="1" name="CucumberOptions.TestngTest_runner" time="26.014" errors="0" timestamp="2025-02-16T00:18:17 IST" skipped="0">
  <testcase classname="CucumberOptions.TestngTest_runner" name="runScenario" time="26.014"/>
</testsuite> <!-- CucumberOptions.TestngTest_runner -->
